<?xml version="1.0" encoding="UTF-8"?>
<!-- Generated by org.testng.reporters.JUnitReportReporter -->
<testsuite hostname="DESKTOP-CHGLAQ3" failures="0" tests="3" name="testCases.LoginTest" time="26.800" errors="0" timestamp="2022-05-04T08:29:38 IST" skipped="0">
  <testcase classname="testCases.LoginTest" name="dataDrivenTest" time="10.573"/>
  <system-out/>
  <testcase classname="testCases.LoginTest" name="dataDrivenTest" time="7.922"/>
  <system-out/>
  <testcase classname="testCases.LoginTest" name="dataDrivenTest" time="8.305"/>
  <system-out/>
</testsuite> <!-- testCases.LoginTest -->
